Using pre-set license
Desktop is 1920 x 1080 @ 60 Hz

 COMMAND LINE ARGUMENTS:
Unity
-adb2
-batchMode
-noUpm
-name
AssetImportWorker22
-projectPath
/home/mario/git/startcraft-unity3d
-logFile
Logs/AssetImportWorker22.log
-srvPort
46731
Successfully changed project path to: /home/mario/git/startcraft-unity3d
/home/mario/git/startcraft-unity3d
Using Asset Import Pipeline V2.
Refreshing native plugins compatible for Editor in 42,43 ms, found 0 plugins.
Preloading 0 native plugins for Editor in 0,00 ms.
Initialize engine version: 2020.3.12f1 (b3b2c6512326)
[Subsystems] Discovering subsystems at path /home/mario/Unity/Hub/Editor/2020.3.12f1/Editor/Data/Resources/UnitySubsystems
[Subsystems] Discovering subsystems at path /home/mario/git/startcraft-unity3d/Assets
GLX Extensions: GLX_ARB_create_context GLX_ARB_create_context_no_error GLX_ARB_create_context_profile GLX_ARB_create_context_robustness GLX_ARB_fbconfig_float GLX_ARB_framebuffer_sRGB GLX_ARB_get_proc_address GLX_ARB_multisample GLX_EXT_buffer_age GLX_EXT_create_context_es2_profile GLX_EXT_create_context_es_profile GLX_EXT_fbconfig_packed_float GLX_EXT_framebuffer_sRGB GLX_EXT_import_context GLX_EXT_swap_control GLX_EXT_swap_control_tear GLX_EXT_texture_from_pixmap GLX_EXT_visual_info GLX_EXT_visual_rating GLX_INTEL_swap_event GLX_MESA_copy_sub_buffer GLX_MESA_query_renderer GLX_MESA_swap_control GLX_OML_swap_method GLX_OML_sync_control GLX_SGIS_multisample GLX_SGIX_fbconfig GLX_SGIX_pbuffer GLX_SGIX_visual_select_group GLX_SGI_make_current_read GLX_SGI_swap_control GLX_SGI_video_sync 
Renderer: Mesa Intel(R) HD Graphics 620 (KBL GT2)
Vendor:   Intel
Version:  4.6 (Core Profile) Mesa 21.0.1
GLES:     0
 GL_3DFX_texture_compression_FXT1 GL_AMD_conservative_depth GL_AMD_depth_clamp_separate GL_AMD_draw_buffers_blend GL_AMD_gpu_shader_int64 GL_AMD_multi_draw_indirect GL_AMD_performance_monitor GL_AMD_pinned_memory GL_AMD_query_buffer_object GL_AMD_seamless_cubemap_per_texture GL_AMD_shader_stencil_export GL_AMD_shader_trinary_minmax GL_AMD_texture_texture4 GL_AMD_vertex_shader_layer GL_AMD_vertex_shader_viewport_index GL_ANGLE_texture_compression_dxt3 GL_ANGLE_texture_compression_dxt5 GL_ARB_ES2_compatibility GL_ARB_ES3_1_compatibility GL_ARB_ES3_2_compatibility GL_ARB_ES3_compatibility GL_ARB_arrays_of_arrays GL_ARB_base_instance GL_ARB_blend_func_extended GL_ARB_buffer_storage GL_ARB_clear_buffer_object GL_ARB_clear_texture GL_ARB_clip_control GL_ARB_compressed_texture_pixel_storage GL_ARB_compute_shader GL_ARB_compute_variable_group_size GL_ARB_conditional_render_inverted GL_ARB_conservative_depth GL_ARB_copy_buffer GL_ARB_copy_image GL_ARB_cull_distance GL_ARB_debug_output GL_ARB_depth_buffer_float GL_ARB
_depth_clamp GL_ARB_derivative_control GL_ARB_direct_state_access GL_ARB_draw_buffers GL_ARB_draw_buffers_blend GL_ARB_draw_elements_base_vertex GL_ARB_draw_indirect GL_ARB_draw_instanced GL_ARB_enhanced_layouts GL_ARB_explicit_attrib_location GL_ARB_explicit_uniform_location GL_ARB_fragment_coord_conventions GL_ARB_fragment_layer_viewport GL_ARB_fragment_shader GL_ARB_fragment_shader_interlock GL_ARB_framebuffer_no_attachments GL_ARB_framebuffer_object GL_ARB_framebuffer_sRGB GL_ARB_get_program_binary GL_ARB_get_texture_sub_image GL_ARB_gl_spirv GL_ARB_gpu_shader5 GL_ARB_gpu_shader_fp64 GL_ARB_gpu_shader_int64 GL_ARB_half_float_pixel GL_ARB_half_float_vertex GL_ARB_indirect_parameters GL_ARB_instanced_arrays GL_ARB_internalformat_query GL_ARB_internalformat_query2 GL_ARB_invalidate_subdata GL_ARB_map_buffer_alignment GL_ARB_map_buffer_range GL_ARB_multi_bind GL_ARB_multi_draw_indirect GL_ARB_occlusion_query2 GL_ARB_parallel_shader_compile GL_ARB_pipeline_statistics_query GL_ARB_pixel_buffer_object GL_ARB_po
int_sprite GL_ARB_polygon_offset_clamp GL_ARB_post_depth_coverage GL_ARB_program_interface_query GL_ARB_provoking_vertex GL_ARB_query_buffer_object GL_ARB_robust_buffer_access_behavior GL_ARB_robustness GL_ARB_sample_shading GL_ARB_sampler_objects GL_ARB_seamless_cube_map GL_ARB_seamless_cubemap_per_texture GL_ARB_separate_shader_objects GL_ARB_shader_atomic_counter_ops GL_ARB_shader_atomic_counters GL_ARB_shader_ballot GL_ARB_shader_bit_encoding GL_ARB_shader_clock GL_ARB_shader_draw_parameters GL_ARB_shader_group_vote GL_ARB_shader_image_load_store GL_ARB_shader_image_size GL_ARB_shader_objects GL_ARB_shader_precision GL_ARB_shader_stencil_export GL_ARB_shader_storage_buffer_object GL_ARB_shader_subroutine GL_ARB_shader_texture_image_samples GL_ARB_shader_texture_lod GL_ARB_shader_viewport_layer_array GL_ARB_shading_language_420pack GL_ARB_shading_language_include GL_ARB_shading_language_packing GL_ARB_spirv_extensions GL_ARB_stencil_texturing GL_ARB_sync GL_ARB_tessellation_shader GL_ARB_texture_barrier G
L_ARB_texture_buffer_object GL_ARB_texture_buffer_object_rgb32 GL_ARB_texture_buffer_range GL_ARB_texture_compression_bptc GL_ARB_texture_compression_rgtc GL_ARB_texture_cube_map_array GL_ARB_texture_filter_anisotropic GL_ARB_texture_float GL_ARB_texture_gather GL_ARB_texture_mirror_clamp_to_edge GL_ARB_texture_multisample GL_ARB_texture_non_power_of_two GL_ARB_texture_query_levels GL_ARB_texture_query_lod GL_ARB_texture_rectangle GL_ARB_texture_rg GL_ARB_texture_rgb10_a2ui GL_ARB_texture_stencil8 GL_ARB_texture_storage GL_ARB_texture_storage_multisample GL_ARB_texture_swizzle GL_ARB_texture_view GL_ARB_timer_query GL_ARB_transform_feedback2 GL_ARB_transform_feedback3 GL_ARB_transform_feedback_instanced GL_ARB_transform_feedback_overflow_query GL_ARB_uniform_buffer_object GL_ARB_vertex_array_bgra GL_ARB_vertex_array_object GL_ARB_vertex_attrib_64bit GL_ARB_vertex_attrib_binding GL_ARB_vertex_buffer_object GL_ARB_vertex_shader GL_ARB_vertex_type_10f_11f_11f_rev GL_ARB_vertex_type_2_10_10_10_rev GL_ARB_viewpor
t_array GL_ATI_blend_equation_separate GL_ATI_texture_float GL_EXT_EGL_image_storage GL_EXT_EGL_sync GL_EXT_abgr GL_EXT_blend_equation_separate GL_EXT_demote_to_helper_invocation GL_EXT_draw_buffers2 GL_EXT_draw_instanced GL_EXT_framebuffer_blit GL_EXT_framebuffer_multisample GL_EXT_framebuffer_multisample_blit_scaled GL_EXT_framebuffer_object GL_EXT_framebuffer_sRGB GL_EXT_packed_depth_stencil GL_EXT_packed_float GL_EXT_pixel_buffer_object GL_EXT_polygon_offset_clamp GL_EXT_provoking_vertex GL_EXT_semaphore GL_EXT_semaphore_fd GL_EXT_shader_framebuffer_fetch GL_EXT_shader_framebuffer_fetch_non_coherent GL_EXT_shader_integer_mix GL_EXT_shader_samples_identical GL_EXT_texture_array GL_EXT_texture_compression_dxt1 GL_EXT_texture_compression_rgtc GL_EXT_texture_compression_s3tc GL_EXT_texture_filter_anisotropic GL_EXT_texture_integer GL_EXT_texture_sRGB GL_EXT_texture_sRGB_R8 GL_EXT_texture_sRGB_decode GL_EXT_texture_shadow_lod GL_EXT_texture_shared_exponent GL_EXT_texture_snorm GL_EXT_texture_swizzle GL_EXT_ti
mer_query GL_EXT_transform_feedback GL_EXT_vertex_array_bgra GL_EXT_vertex_attrib_64bit GL_IBM_multimode_draw_arrays GL_INTEL_blackhole_render GL_INTEL_conservative_rasterization GL_INTEL_performance_query GL_INTEL_shader_atomic_float_minmax GL_INTEL_shader_integer_functions2 GL_KHR_blend_equation_advanced GL_KHR_blend_equation_advanced_coherent GL_KHR_context_flush_control GL_KHR_debug GL_KHR_no_error GL_KHR_parallel_shader_compile GL_KHR_robust_buffer_access_behavior GL_KHR_robustness GL_KHR_texture_compression_astc_ldr GL_KHR_texture_compression_astc_sliced_3d GL_MESA_framebuffer_flip_y GL_MESA_pack_invert GL_MESA_shader_integer_functions GL_MESA_texture_signed_rgba GL_NV_compute_shader_derivatives GL_NV_conditional_render GL_NV_copy_image GL_NV_depth_clamp GL_NV_fragment_shader_interlock GL_NV_packed_depth_stencil GL_NV_texture_barrier GL_OES_EGL_image GL_S3_s3tc
OPENGL LOG: Creating OpenGL 4.6 graphics device ; Context level  <OpenGL 4.5> ; Context handle -1367851280
Initialize mono
Mono path[0] = '/home/mario/Unity/Hub/Editor/2020.3.12f1/Editor/Data/Managed'
Mono path[1] = '/home/mario/Unity/Hub/Editor/2020.3.12f1/Editor/Data/MonoBleedingEdge/lib/mono/unityjit'
Mono config path = '/home/mario/Unity/Hub/Editor/2020.3.12f1/Editor/Data/MonoBleedingEdge/etc'
Using monoOptions --debugger-agent=transport=dt_socket,embedding=1,server=y,suspend=n,address=127.0.0.1:56101
Begin MonoManager ReloadAssembly
Registering precompiled unity dll's ...
Register platform support module: /home/mario/Unity/Hub/Editor/2020.3.12f1/Editor/Data/PlaybackEngines/WindowsStandaloneSupport/UnityEditor.WindowsStandalone.Extensions.dll
Register platform support module: /home/mario/Unity/Hub/Editor/2020.3.12f1/Editor/Data/PlaybackEngines/LinuxStandaloneSupport/UnityEditor.LinuxStandalone.Extensions.dll
Registered in 0,001626 seconds.
Native extension for LinuxStandalone target not found
Native extension for WindowsStandalone target not found
Refreshing native plugins compatible for Editor in 31,85 ms, found 0 plugins.
Preloading 0 native plugins for Editor in 0,00 ms.
Mono: successfully reloaded assembly
- Completed reload, in  1,286 seconds
Platform modules already initialized, skipping
Registering precompiled user dll's ...
Registered in 0,002846 seconds.
Begin MonoManager ReloadAssembly
Native extension for LinuxStandalone target not found
Native extension for WindowsStandalone target not found
Refreshing native plugins compatible for Editor in 0,61 ms, found 0 plugins.
Preloading 0 native plugins for Editor in 0,00 ms.
Mono: successfully reloaded assembly
- Completed reload, in  1,046 seconds
Platform modules already initialized, skipping
========================================================================
Worker process is ready to serve import requests
Launched and connected shader compiler UnityShaderCompiler after 0.01 seconds
Refreshing native plugins compatible for Editor in 0,51 ms, found 0 plugins.
Preloading 0 native plugins for Editor in 0,00 ms.
Unloading 1533 Unused Serialized files (Serialized files now loaded: 0)
System memory in use before: 77,0 MB.
System memory in use after: 76,9 MB.

Unloading 41 unused Assets to reduce memory usage. Loaded Objects now: 1960.
Total: 3,314980 ms (FindLiveObjects: 0,219353 ms CreateObjectMapping: 0,079923 ms MarkObjects: 2,745814 ms  DeleteObjects: 0,268609 ms)

AssetImportParameters requested are different than current active one (requested -> active):
  custom:video-decoder-ogg-theora: a1e56fd34408186e4bbccfd4996cb3dc -> 
  custom:container-muxer-webm: aa71ff27fc2769a1b78a27578f13a17b -> 
  custom:container-demuxer-webm: 4f35f7cbe854078d1ac9338744f61a02 -> 
  custom:container-demuxer-ogg: 62fdf1f143b41e24485cea50d1cbac27 -> 
  custom:video-encoder-webm-vp8: eb34c28f22e8b96e1ab97ce403110664 -> 
  custom:video-decoder-webm-vp8: 9c59270c3fd7afecdb556c50c9e8de78 -> 
  custom:audio-decoder-ogg-vorbis: bf7c407c2cedff20999df2af8eb42d56 -> 
  custom:audio-encoder-webm-vorbis: bf7c407c2cedff20999df2af8eb42d56 -> 
========================================================================
Received Import Request.
  path: Assets/New Terrain 1.asset
  artifactKey: Guid(910ddf4ac044e4ff2bb794ea8723afaa) Importer(815301076,1909f56bfc062723c751e8b465ee728b)
Start importing Assets/New Terrain 1.asset using Guid(910ddf4ac044e4ff2bb794ea8723afaa) Importer(815301076,1909f56bfc062723c751e8b465ee728b) Caught fatal signal - signo:11 code:1 errno:0 addr:0x8
Obtained 36 stack frames.
#0  0x007f55d6c351f0 in funlockfile
#1  0x00560daa9df3aa in core::hash_set<core::pair<core::basic_string<char, core::StringStorageDefault<char> > const, UnityGUID, true>, core::hash_pair<core::hash<core::basic_string<char, core::StringStorageDefault<char> > >, core::basic_string<char, core::StringStorageDefault<char> > const, UnityGUID>, core::equal_pair<std::equal_to<core::basic_string<char, core::StringStorageDefault<char> > >, core::basic_string<char, core::StringStorageDefault<char> > const, UnityGUID> >::node* core::hash_set<core::pair<core::basic_string<char, core::StringStorageDefault<char> > const, UnityGUID, true>, core::hash_pair<core::hash<core::basic_string<char, core::StringStorageDefault<char> > >, core::basic_string<char, core::StringStorageDefault<char> > const, UnityGUID>, core::equal_pair<std::equal_to<core::basic_string<char, core::StringStorageDefault<char> > >, core::basic_string<char, core::StringStorageDefault<char> > const, UnityGUID> >::lookup<core::basic_string<char, core::StringStorageDefault<char> >, core::equal_pair<std::equal_to<core::basic_string<char, core::StringStorageDefault<char> > >, core::basic_string<char, core::StringStorageDefault<char> > const, UnityGUID> >(core::basic_string<char, core::StringStorageDefault<char> > const&, core::equal_pair<std::equal_to<core::basic_string<char, core::StringStorageDefault<char> > >, core::basic_string<char, core::StringStorageDefault<char> > const, UnityGUID> const&) const
#2  0x00560daa9b9dfd in GuidReservations::Reserve(core::basic_string<char, core::StringStorageDefault<char> > const&, core::basic_string<char, core::StringStorageDefault<char> > const&)
#3  0x00560daa9b7d17 in CreateAssetToGUIDMappingV2(core::basic_string_ref<char>, AssetDatabase::CaseSensitivityMode)
#4  0x00560daa91887a in AssetDatabase::CreateAssetToGUIDMapping(core::basic_string<char, core::StringStorageDefault<char> > const&, AssetDatabase::CaseSensitivityMode)
#5  0x00560da957d5dd in SplatDatabase::CreateTerrainLayerAsset(SplatPrototype const&)
#6  0x00560da957e2fd in SplatDatabase::ConvertSplatsToTerrainLayers()
#7  0x00560da957e36d in SplatDatabase::AwakeFromLoad(AwakeFromLoadMode)
#8  0x00560da95b7ca0 in TerrainData::AwakeFromLoad(AwakeFromLoadMode)
#9  0x00560da91d7abd in AwakeFromLoadQueue::InvokePersistentManagerAwake(AwakeFromLoadQueue::Item*, unsigned int, AwakeFromLoadMode, bool)
#10 0x00560da91d70aa in AwakeFromLoadQueue::PersistentManagerAwakeFromLoad()
#11 0x00560da91518af in PersistentManager::IntegrateAllThreadedObjects()
#12 0x00560da915253b in PersistentManager::LoadAndIntegrateAllPreallocatedObjects(PersistentManager::LockFlags)
#13 0x00560da9150fa3 in PersistentManager::ReadObject(int, AwakeFromLoadMode)
#14 0x00560da7616481 in PPtr<Object>::operator Object*() const
#15 0x00560daa909e69 in PreviewImporter::GenerateAssetData(AssetImportContext&)
#16 0x00560daa9fe6d8 in ImportToObjects(core::basic_string<char, core::StringStorageDefault<char> > const&, core::hash_map<AssetDatabase::ImporterID, ImporterInfo, core::hash<AssetDatabase::ImporterID>, std::equal_to<AssetDatabase::ImporterID> > const&, dynamic_array<PostprocessorInfo, 0ul> const&, AssetResolveTracker const&, ImportAssetInputs const&, ImportAssetOutputs&, IImportProgress*)
#17 0x00560daa9fd7f1 in ImportAsset(core::hash_map<AssetDatabase::ImporterID, ImporterInfo, core::hash<AssetDatabase::ImporterID>, std::equal_to<AssetDatabase::ImporterID> > const&, dynamic_array<PostprocessorInfo, 0ul> const&, AssetResolveTracker const&, ImportAssetInputs const&, ImportAssetOutputs&, IImportProgress*)
#18 0x00560daa959b37 in AssetImportWorker::Import(AssetResolver&, WorkerImportPayload const&, WorkerImportResponse&, IImportProgress*, bool*)
#19 0x00560daa9f4838 in core::mutable_function<void ()>::DispatchT<IOService::PostHelper<AssetImportWorkerClient::HandleMessage(ImportRequestMessage const&)::$_6>(AssetImportWorkerClient::HandleMessage(ImportRequestMessage const&)::$_6&&, IOService::WrapCallableInFunctionTag)::{lambda()#1}>::Dispatch()
#20 0x00560daaa65576 in asio::detail::completion_handler<core::mutable_function<void ()> >::do_complete(asio::detail::task_io_service*, asio::detail::task_io_service_operation*, std::error_code const&, unsigned long)
#21 0x00560daaa62eb0 in asio::detail::task_io_service::do_run_one(asio::detail::scoped_lock<asio::detail::posix_mutex>&, asio::detail::task_io_service_thread_info&, std::error_code const&)
#22 0x00560daaa62a43 in asio::detail::task_io_service::run(std::error_code&)
#23 0x00560daaa5c5ca in asio::io_service::run()
#24 0x00560daaa5c57b in IOService::Run(bool)
#25 0x00560daa9be4c4 in RunAssetImporterV2()
#26 0x00560da9d2a523 in Application::InitializeProject()
#27 0x00560daa86e096 in InitializeUnity(void*)
#28 0x007f55d7397ed8 in g_main_context_check
#29 0x007f55d73977ef in g_main_context_dispatch
#30 0x007f55d73ead28 in g_io_channel_new_file
#31 0x007f55d7396e53 in g_main_loop_run
#32 0x007f55d7a1a7fd in gtk_main
#33 0x00560daa86da5e in main
#34 0x007f55d6a5d565 in __libc_start_main
#35 0x00560da7586029 in _start
